0 info it worked if it ends with ok
1 verbose cli [ '/usr/local/Cellar/node/6.1.0/bin/node',
1 verbose cli   '/usr/local/bin/npm',
1 verbose cli   'install',
1 verbose cli   '-g',
1 verbose cli   'ngrok' ]
2 info using npm@3.8.6
3 info using node@v6.1.0
4 silly loadCurrentTree Starting
5 silly install loadCurrentTree
6 silly install readGlobalPackageData
7 silly fetchPackageMetaData ngrok
8 silly fetchOtherPackageData ngrok
9 silly cache add args [ 'ngrok', null ]
10 verbose cache add spec ngrok
11 silly cache add parsed spec Result {
11 silly cache add   raw: 'ngrok',
11 silly cache add   scope: null,
11 silly cache add   name: null,
11 silly cache add   rawSpec: 'ngrok',
11 silly cache add   spec: '/Users/apprentice/Desktop/flex/ngrok',
11 silly cache add   type: 'local' }
12 silly addLocalTarball shasum (computed) 1ffc634ea274f5b67894805ad8b1f05086b81b77
13 verbose addTmpTarball /Users/apprentice/Desktop/flex/ngrok not in flight; adding
14 verbose correctMkdir /Users/apprentice/.npm correctMkdir not in flight; initializing
15 verbose addTmpTarball validating metadata from /Users/apprentice/Desktop/flex/ngrok
16 verbose tar unpack /Users/apprentice/Desktop/flex/ngrok
17 verbose tar unpacking to /var/folders/0f/ds7zc5hj3bv1yk8cpx_9vdbw0000gn/T/npm-59243-c26bcd59/unpack-9168fd24
18 silly gentlyRm /var/folders/0f/ds7zc5hj3bv1yk8cpx_9vdbw0000gn/T/npm-59243-c26bcd59/unpack-9168fd24 is being purged
19 verbose gentlyRm don't care about contents; nuking /var/folders/0f/ds7zc5hj3bv1yk8cpx_9vdbw0000gn/T/npm-59243-c26bcd59/unpack-9168fd24
20 silly gunzTarPerm modes [ '755', '644' ]
21 error not a package /Users/apprentice/Desktop/flex/ngrok
22 error addLocal Could not install /Users/apprentice/Desktop/flex/ngrok
23 silly fetchPackageMetaData Error: ENOENT: no such file or directory, open '/var/folders/0f/ds7zc5hj3bv1yk8cpx_9vdbw0000gn/T/npm-59243-c26bcd59/unpack-9168fd24/package.json'
23 silly fetchPackageMetaData     at Error (native)
23 silly fetchPackageMetaData  error for ngrok { Error: ENOENT: no such file or directory, open '/var/folders/0f/ds7zc5hj3bv1yk8cpx_9vdbw0000gn/T/npm-59243-c26bcd59/unpack-9168fd24/package.json'
23 silly fetchPackageMetaData     at Error (native)
23 silly fetchPackageMetaData   errno: -2,
23 silly fetchPackageMetaData   code: 'ENOENT',
23 silly fetchPackageMetaData   syscall: 'open',
23 silly fetchPackageMetaData   path: '/var/folders/0f/ds7zc5hj3bv1yk8cpx_9vdbw0000gn/T/npm-59243-c26bcd59/unpack-9168fd24/package.json' }
24 silly rollbackFailedOptional Starting
25 silly rollbackFailedOptional Finishing
26 silly runTopLevelLifecycles Starting
27 silly runTopLevelLifecycles Finishing
28 silly install printInstalled
29 verbose stack Error: ENOENT: no such file or directory, open '/var/folders/0f/ds7zc5hj3bv1yk8cpx_9vdbw0000gn/T/npm-59243-c26bcd59/unpack-9168fd24/package.json'
29 verbose stack     at Error (native)
30 verbose cwd /Users/apprentice/Desktop/flex
31 error Darwin 15.6.0
32 error argv "/usr/local/Cellar/node/6.1.0/bin/node" "/usr/local/bin/npm" "install" "-g" "ngrok"
33 error node v6.1.0
34 error npm  v3.8.6
35 error path /var/folders/0f/ds7zc5hj3bv1yk8cpx_9vdbw0000gn/T/npm-59243-c26bcd59/unpack-9168fd24/package.json
36 error code ENOENT
37 error errno -2
38 error syscall open
39 error enoent ENOENT: no such file or directory, open '/var/folders/0f/ds7zc5hj3bv1yk8cpx_9vdbw0000gn/T/npm-59243-c26bcd59/unpack-9168fd24/package.json'
40 error enoent ENOENT: no such file or directory, open '/var/folders/0f/ds7zc5hj3bv1yk8cpx_9vdbw0000gn/T/npm-59243-c26bcd59/unpack-9168fd24/package.json'
40 error enoent This is most likely not a problem with npm itself
40 error enoent and is related to npm not being able to find a file.
41 verbose exit [ -2, true ]
